0 info it worked if it ends with ok
1 verbose cli [ '/usr/local/node-v6.12.3-linux-x64/bin/node',
1 verbose cli   '/usr/local/node-v6.12.3-linux-x64/bin/npm',
1 verbose cli   'run',
1 verbose cli   'dist' ]
2 info using npm@3.10.10
3 info using node@v6.12.3
4 verbose run-script [ 'predist', 'dist', 'postdist' ]
5 info lifecycle mmall_admin_fe@1.0.0~predist: mmall_admin_fe@1.0.0
6 silly lifecycle mmall_admin_fe@1.0.0~predist: no script for predist, continuing
7 info lifecycle mmall_admin_fe@1.0.0~dist: mmall_admin_fe@1.0.0
8 verbose lifecycle mmall_admin_fe@1.0.0~dist: unsafe-perm in lifecycle true
9 verbose lifecycle mmall_admin_fe@1.0.0~dist: PATH: /usr/local/node-v6.12.3-linux-x64/lib/node_modules/npm/bin/node-gyp-bin:/developer/git-repository/admin-fe/node_modules/.bin:/usr/local/bin:/bin:/usr/bin:/usr/local/sbin:/usr/sbin:/sbin:/usr/java/jdk1.7.0_80/bin:/usr/local/git/bin:/developer/apache-tomcat-7.0.73/bin:/developer/apache-maven-3.0.5/bin:/usr/local/node-v6.12.3-linux-x64/bin:/usr/local/bin:/usr/local/ruby/bin:/usr/logan/bin:/usr/logan/bin
10 verbose lifecycle mmall_admin_fe@1.0.0~dist: CWD: /developer/git-repository/admin-fe
11 silly lifecycle mmall_admin_fe@1.0.0~dist: Args: [ '-c', 'WEBPACK_ENV=online ./node_modules/.bin/webpack -p' ]
12 silly lifecycle mmall_admin_fe@1.0.0~dist: Returned: code: 2  signal: null
13 info lifecycle mmall_admin_fe@1.0.0~dist: Failed to exec dist script
14 verbose stack Error: mmall_admin_fe@1.0.0 dist: `WEBPACK_ENV=online ./node_modules/.bin/webpack -p`
14 verbose stack Exit status 2
14 verbose stack     at EventEmitter.<anonymous> (/usr/local/node-v6.12.3-linux-x64/lib/node_modules/npm/lib/utils/lifecycle.js:255:16)
14 verbose stack     at emitTwo (events.js:106:13)
14 verbose stack     at EventEmitter.emit (events.js:191:7)
14 verbose stack     at ChildProcess.<anonymous> (/usr/local/node-v6.12.3-linux-x64/lib/node_modules/npm/lib/utils/spawn.js:40:14)
14 verbose stack     at emitTwo (events.js:106:13)
14 verbose stack     at ChildProcess.emit (events.js:191:7)
14 verbose stack     at maybeClose (internal/child_process.js:920:16)
14 verbose stack     at Process.ChildProcess._handle.onexit (internal/child_process.js:230:5)
15 verbose pkgid mmall_admin_fe@1.0.0
16 verbose cwd /developer/git-repository/admin-fe
17 error Linux 2.6.32-696.6.3.el6.x86_64
18 error argv "/usr/local/node-v6.12.3-linux-x64/bin/node" "/usr/local/node-v6.12.3-linux-x64/bin/npm" "run" "dist"
19 error node v6.12.3
20 error npm  v3.10.10
21 error code ELIFECYCLE
22 error mmall_admin_fe@1.0.0 dist: `WEBPACK_ENV=online ./node_modules/.bin/webpack -p`
22 error Exit status 2
23 error Failed at the mmall_admin_fe@1.0.0 dist script 'WEBPACK_ENV=online ./node_modules/.bin/webpack -p'.
23 error Make sure you have the latest version of node.js and npm installed.
23 error If you do, this is most likely a problem with the mmall_admin_fe package,
23 error not with npm itself.
23 error Tell the author that this fails on your system:
23 error     WEBPACK_ENV=online ./node_modules/.bin/webpack -p
23 error You can get information on how to open an issue for this project with:
23 error     npm bugs mmall_admin_fe
23 error Or if that isn't available, you can get their info via:
23 error     npm owner ls mmall_admin_fe
23 error There is likely additional logging output above.
24 verbose exit [ 1, true ]
